1510142133832	geckodriver	INFO	geckodriver 0.19.1
1510142133842	geckodriver	INFO	Listening on 127.0.0.1:47484
1510142134956	mozrunner::runner	INFO	Running command: "/usr/bin/firefox" "-marionette" "-profile" "/tmp/rust_mozprofile.dITdUZZLTbZm"
1510142135307	addons.xpi	WARN	Error parsing extensions state: [Exception... "Component returned failure code: 0x80520012 (NS_ERROR_FILE_NOT_FOUND) [amIAddonManagerStartup.readStartupData]"  nsresult: "0x80520012 (NS_ERROR_FILE_NOT_FOUND)"  location: "JS frame :: resource://gre/modules/addons/XPIProvider.jsm :: loadExtensionState :: line 1554"  data: no] Stack trace: loadExtensionState()@resource://gre/modules/addons/XPIProvider.jsm:1554 < getInstallState()@resource://gre/modules/addons/XPIProvider.jsm:1589 < checkForChanges()@resource://gre/modules/addons/XPIProvider.jsm:3109 < startup()@resource://gre/modules/addons/XPIProvider.jsm:2188 < callProvider()@resource://gre/modules/AddonManager.jsm:269 < _startProvider()@resource://gre/modules/AddonManager.jsm:739 < startup()@resource://gre/modules/AddonManager.jsm:906 < startup()@resource://gre/modules/AddonManager.jsm:3090 < observe()@jar:file:///usr/lib/firefox/omni.ja!/components/addonManager.js:65
1510142135712	Marionette	INFO	Enabled via --marionette

(firefox:13228): GLib-GObject-CRITICAL **: g_object_ref: assertion 'object->ref_count > 0' failed

(firefox:13228): GLib-GObject-CRITICAL **: g_object_unref: assertion 'object->ref_count > 0' failed

(firefox:13228): GLib-GObject-CRITICAL **: g_object_ref: assertion 'object->ref_count > 0' failed

(firefox:13228): GLib-GObject-CRITICAL **: g_object_unref: assertion 'object->ref_count > 0' failed

(/usr/lib/firefox/firefox:13281): GLib-GObject-CRITICAL **: g_object_ref: assertion 'object->ref_count > 0' failed

(/usr/lib/firefox/firefox:13281): GLib-GObject-CRITICAL **: g_object_unref: assertion 'object->ref_count > 0' failed

(/usr/lib/firefox/firefox:13281): GLib-GObject-CRITICAL **: g_object_ref: assertion 'object->ref_count > 0' failed

(/usr/lib/firefox/firefox:13281): GLib-GObject-CRITICAL **: g_object_unref: assertion 'object->ref_count > 0' failed
1510142137281	Marionette	INFO	Listening on port 55131
1510142137398	Marionette	WARN	TLS certificate errors will be ignored for this session
1510142137452	Marionette	DEBUG	Register listener.js for window 2147483649
1510142137529	Marionette	DEBUG	Received DOM event "beforeunload" for "about:blank"
1510142137892	Marionette	DEBUG	Received DOM event "pagehide" for "about:blank"
1510142137892	Marionette	DEBUG	Received DOM event "unload" for "about:blank"
1510142138771	Marionette	DEBUG	Received DOM event "DOMContentLoaded" for "https://www.google.co.in/search?q=free%20close%20up%20pics&source=lnms&tbm=isch"
1510142139659	Marionette	DEBUG	Received observer notification "outer-window-destroyed" for "2147483653"
1510142140404	Marionette	DEBUG	Received DOM event "pageshow" for "https://www.google.co.in/search?q=free%20close%20up%20pics&source=lnms&tbm=isch"
1510142211949	geckodriver	INFO	geckodriver 0.19.1
1510142211953	geckodriver	INFO	Listening on 127.0.0.1:51874
1510142213096	mozrunner::runner	INFO	Running command: "/usr/bin/firefox" "-marionette" "-profile" "/tmp/rust_mozprofile.3yYVasf0NdAI"
1510142213337	addons.xpi	WARN	Error parsing extensions state: [Exception... "Component returned failure code: 0x80520012 (NS_ERROR_FILE_NOT_FOUND) [amIAddonManagerStartup.readStartupData]"  nsresult: "0x80520012 (NS_ERROR_FILE_NOT_FOUND)"  location: "JS frame :: resource://gre/modules/addons/XPIProvider.jsm :: loadExtensionState :: line 1554"  data: no] Stack trace: loadExtensionState()@resource://gre/modules/addons/XPIProvider.jsm:1554 < getInstallState()@resource://gre/modules/addons/XPIProvider.jsm:1589 < checkForChanges()@resource://gre/modules/addons/XPIProvider.jsm:3109 < startup()@resource://gre/modules/addons/XPIProvider.jsm:2188 < callProvider()@resource://gre/modules/AddonManager.jsm:269 < _startProvider()@resource://gre/modules/AddonManager.jsm:739 < startup()@resource://gre/modules/AddonManager.jsm:906 < startup()@resource://gre/modules/AddonManager.jsm:3090 < observe()@jar:file:///usr/lib/firefox/omni.ja!/components/addonManager.js:65
1510142213714	Marionette	INFO	Enabled via --marionette

(firefox:13392): GLib-GObject-CRITICAL **: g_object_ref: assertion 'object->ref_count > 0' failed

(firefox:13392): GLib-GObject-CRITICAL **: g_object_unref: assertion 'object->ref_count > 0' failed

(firefox:13392): GLib-GObject-CRITICAL **: g_object_ref: assertion 'object->ref_count > 0' failed

(firefox:13392): GLib-GObject-CRITICAL **: g_object_unref: assertion 'object->ref_count > 0' failed

(/usr/lib/firefox/firefox:13448): GLib-GObject-CRITICAL **: g_object_ref: assertion 'object->ref_count > 0' failed

(/usr/lib/firefox/firefox:13448): GLib-GObject-CRITICAL **: g_object_unref: assertion 'object->ref_count > 0' failed

(/usr/lib/firefox/firefox:13448): GLib-GObject-CRITICAL **: g_object_ref: assertion 'object->ref_count > 0' failed

(/usr/lib/firefox/firefox:13448): GLib-GObject-CRITICAL **: g_object_unref: assertion 'object->ref_count > 0' failed
1510142215047	Marionette	INFO	Listening on port 60262
1510142215115	Marionette	WARN	TLS certificate errors will be ignored for this session
1510142215169	Marionette	DEBUG	Register listener.js for window 2147483649
1510142215228	Marionette	DEBUG	Received DOM event "beforeunload" for "about:blank"
1510142215525	Marionette	DEBUG	Received DOM event "pagehide" for "about:blank"
1510142215525	Marionette	DEBUG	Received DOM event "unload" for "about:blank"
1510142216038	Marionette	DEBUG	Received DOM event "DOMContentLoaded" for "https://www.google.co.in/search?q=free%20close%20up%20pics&source=lnms&tbm=isch"
1510142216478	Marionette	DEBUG	Received observer notification "outer-window-destroyed" for "2147483653"
1510142218649	Marionette	DEBUG	Received DOM event "pageshow" for "https://www.google.co.in/search?q=free%20close%20up%20pics&source=lnms&tbm=isch"
1510142221751	Marionette	DEBUG	Canceled page load listener because no navigation has been detected

** (firefox:13392): WARNING **: No marshaller for signature of signal 'PropertiesChanged'
1510145038146	Marionette	INFO	New connections will no longer be accepted
[Child 13448] WARNING: pipe error (18): Connection reset by peer: file /build/firefox-jxduAQ/firefox-56.0+build6/ipc/chromium/src/chrome/common/ipc_channel_posix.cc, line 353
[Child 13448] WARNING: pipe error (3): Connection reset by peer: file /build/firefox-jxduAQ/firefox-56.0+build6/ipc/chromium/src/chrome/common/ipc_channel_posix.cc, line 353
1521698257850	geckodriver	INFO	geckodriver 0.19.1
1521698257854	geckodriver	INFO	Listening on 127.0.0.1:48739
1521698259010	mozrunner::runner	INFO	Running command: "/usr/bin/firefox" "-marionette" "-profile" "/tmp/rust_mozprofile.4UaZV2xNRmWZ"
1521698260074	Marionette	INFO	Enabled via --marionette
1521698262546	Marionette	INFO	Listening on port 46693
1521698262634	Marionette	WARN	TLS certificate errors will be ignored for this session
*** UTM:SVC TimerManager:registerTimer called after profile-before-change notification. Ignoring timer registration for id: telemetry_modules_ping
1521698296209	geckodriver	INFO	geckodriver 0.19.1
1521698296213	geckodriver	INFO	Listening on 127.0.0.1:40799
1521698297348	mozrunner::runner	INFO	Running command: "/usr/bin/firefox" "-marionette" "-profile" "/tmp/rust_mozprofile.HOFeYloAjVA0"
1521698298048	Marionette	INFO	Enabled via --marionette
1521698300408	Marionette	INFO	Listening on port 39165
1521698300504	Marionette	WARN	TLS certificate errors will be ignored for this session
*** UTM:SVC TimerManager:registerTimer called after profile-before-change notification. Ignoring timer registration for id: telemetry_modules_ping
1521698328725	geckodriver	INFO	geckodriver 0.19.1
1521698328728	geckodriver	INFO	Listening on 127.0.0.1:52695
1521698329868	mozrunner::runner	INFO	Running command: "/usr/bin/firefox" "-marionette" "-profile" "/tmp/rust_mozprofile.8Wvov7bIHvsv"
1521698330566	Marionette	INFO	Enabled via --marionette
1521698332570	Marionette	INFO	Listening on port 45427
1521698332594	Marionette	WARN	TLS certificate errors will be ignored for this session
1521698377029	geckodriver	INFO	geckodriver 0.19.1
1521698377033	geckodriver	INFO	Listening on 127.0.0.1:41317
1521698378150	mozrunner::runner	INFO	Running command: "/usr/bin/firefox" "-marionette" "-profile" "/tmp/rust_mozprofile.iB1jxb4Wxldw"
1521698378810	Marionette	INFO	Enabled via --marionette
1521698380990	Marionette	INFO	Listening on port 43401
1521698381060	Marionette	WARN	TLS certificate errors will be ignored for this session
[Child 5250, Chrome_ChildThread] WARNING: pipe error (21): Connection reset by peer: file /build/firefox-CQifnS/firefox-59.0.1+build1/ipc/chromium/src/chrome/common/ipc_channel_posix.cc, line 353
[Child 5250, Chrome_ChildThread] WARNING: pipe error (35): Connection reset by peer: file /build/firefox-CQifnS/firefox-59.0.1+build1/ipc/chromium/src/chrome/common/ipc_channel_posix.cc, line 353
[Child 5250, Chrome_ChildThread] WARNING: pipe error (3): Connection reset by peer: file /build/firefox-CQifnS/firefox-59.0.1+build1/ipc/chromium/src/chrome/common/ipc_channel_posix.cc, line 353
1521698602309	geckodriver	INFO	geckodriver 0.19.1
1521698602313	geckodriver	INFO	Listening on 127.0.0.1:50893
1521698603452	mozrunner::runner	INFO	Running command: "/usr/bin/firefox" "-marionette" "-profile" "/tmp/rust_mozprofile.ioxH2aCMma07"
1521698604078	Marionette	INFO	Enabled via --marionette
1521698606290	Marionette	INFO	Listening on port 34557
1521698606362	Marionette	WARN	TLS certificate errors will be ignored for this session
[Child 5521, Chrome_ChildThread] WARNING: pipe error (35): Connection reset by peer: file /build/firefox-CQifnS/firefox-59.0.1+build1/ipc/chromium/src/chrome/common/ipc_channel_posix.cc, line 353
[Child 5521, Chrome_ChildThread] WARNING: pipe error (19): Connection reset by peer: file /build/firefox-CQifnS/firefox-59.0.1+build1/ipc/chromium/src/chrome/common/ipc_channel_posix.cc, line 353
[Child 5521, Chrome_ChildThread] WARNING: pipe error (3): Connection reset by peer: file /build/firefox-CQifnS/firefox-59.0.1+build1/ipc/chromium/src/chrome/common/ipc_channel_posix.cc, line 353
1521698654140	geckodriver	INFO	geckodriver 0.19.1
1521698654144	geckodriver	INFO	Listening on 127.0.0.1:55061
1521698655263	mozrunner::runner	INFO	Running command: "/usr/bin/firefox" "-marionette" "-profile" "/tmp/rust_mozprofile.mA9lQQkYsKmr"
1521698655880	Marionette	INFO	Enabled via --marionette
1521698657872	Marionette	INFO	Listening on port 37073
1521698657982	Marionette	WARN	TLS certificate errors will be ignored for this session
[Child 5740, Chrome_ChildThread] WARNING: pipe error (21): Connection reset by peer: file /build/firefox-CQifnS/firefox-59.0.1+build1/ipc/chromium/src/chrome/common/ipc_channel_posix.cc, line 353
[Child 5740, Chrome_ChildThread] WARNING: pipe error (3): Connection reset by peer: file /build/firefox-CQifnS/firefox-59.0.1+build1/ipc/chromium/src/chrome/common/ipc_channel_posix.cc, line 353
1521703182346	geckodriver	INFO	geckodriver 0.19.1
1521703182349	geckodriver	INFO	Listening on 127.0.0.1:45127
1521703183466	mozrunner::runner	INFO	Running command: "/usr/bin/firefox" "-marionette" "-profile" "/tmp/rust_mozprofile.hnZ8pRkyk2oe"
1521703184134	Marionette	INFO	Enabled via --marionette
1521703186532	Marionette	INFO	Listening on port 41573
1521703186580	Marionette	WARN	TLS certificate errors will be ignored for this session
[Child 8233, Chrome_ChildThread] WARNING: pipe error (23): Connection reset by peer: file /build/firefox-CQifnS/firefox-59.0.1+build1/ipc/chromium/src/chrome/common/ipc_channel_posix.cc, line 353
[Child 8233, Chrome_ChildThread] WARNING: pipe error (35): Connection reset by peer: file /build/firefox-CQifnS/firefox-59.0.1+build1/ipc/chromium/src/chrome/common/ipc_channel_posix.cc, line 353
[Child 8233, Chrome_ChildThread] WARNING: pipe error (3): Connection reset by peer: file /build/firefox-CQifnS/firefox-59.0.1+build1/ipc/chromium/src/chrome/common/ipc_channel_posix.cc, line 353
1521703277197	geckodriver	INFO	geckodriver 0.19.1
1521703277202	geckodriver	INFO	Listening on 127.0.0.1:56623
1521703278319	mozrunner::runner	INFO	Running command: "/usr/bin/firefox" "-marionette" "-profile" "/tmp/rust_mozprofile.SmurtBf3GX3C"
1521703279028	Marionette	INFO	Enabled via --marionette
1521703281042	Marionette	INFO	Listening on port 40179
1521703281160	Marionette	WARN	TLS certificate errors will be ignored for this session
1521703331094	geckodriver	INFO	geckodriver 0.19.1
1521703331099	geckodriver	INFO	Listening on 127.0.0.1:46621
1521703332234	mozrunner::runner	INFO	Running command: "/usr/bin/firefox" "-marionette" "-profile" "/tmp/rust_mozprofile.1GUTE2ps9FvR"
1521703332976	Marionette	INFO	Enabled via --marionette
1521703335070	Marionette	INFO	Listening on port 34611
1521703335160	Marionette	WARN	TLS certificate errors will be ignored for this session
[Child 8596, Chrome_ChildThread] WARNING: pipe error (21): Connection reset by peer: file /build/firefox-CQifnS/firefox-59.0.1+build1/ipc/chromium/src/chrome/common/ipc_channel_posix.cc, line 353
[Child 8596, Chrome_ChildThread] WARNING: pipe error (35): Connection reset by peer: file /build/firefox-CQifnS/firefox-59.0.1+build1/ipc/chromium/src/chrome/common/ipc_channel_posix.cc, line 353
[Child 8596, Chrome_ChildThread] WARNING: pipe error (3): Connection reset by peer: file /build/firefox-CQifnS/firefox-59.0.1+build1/ipc/chromium/src/chrome/common/ipc_channel_posix.cc, line 353
1521705228598	geckodriver	INFO	geckodriver 0.19.1
1521705228601	geckodriver	INFO	Listening on 127.0.0.1:58921
1521705229729	mozrunner::runner	INFO	Running command: "/usr/bin/firefox" "-marionette" "-profile" "/tmp/rust_mozprofile.1auROOk3lqbT"
1521705230392	Marionette	INFO	Enabled via --marionette
1521705232566	Marionette	INFO	Listening on port 43809
1521705232672	Marionette	WARN	TLS certificate errors will be ignored for this session
[Child 9241, Chrome_ChildThread] WARNING: pipe error (19): Connection reset by peer: file /build/firefox-CQifnS/firefox-59.0.1+build1/ipc/chromium/src/chrome/common/ipc_channel_posix.cc, line 353
[Child 9241, Chrome_ChildThread] WARNING: pipe error (3): Connection reset by peer: file /build/firefox-CQifnS/firefox-59.0.1+build1/ipc/chromium/src/chrome/common/ipc_channel_posix.cc, line 353
1521705622731	geckodriver	INFO	geckodriver 0.19.1
1521705622735	geckodriver	INFO	Listening on 127.0.0.1:41947
1521705623851	mozrunner::runner	INFO	Running command: "/usr/bin/firefox" "-marionette" "-profile" "/tmp/rust_mozprofile.kHA5bKwHoCv1"
1521705624570	Marionette	INFO	Enabled via --marionette
1521705626620	Marionette	INFO	Listening on port 43293
1521705626668	Marionette	WARN	TLS certificate errors will be ignored for this session
[Child 9727, Chrome_ChildThread] WARNING: pipe error (21): Connection reset by peer: file /build/firefox-CQifnS/firefox-59.0.1+build1/ipc/chromium/src/chrome/common/ipc_channel_posix.cc, line 353
[Child 9727, Chrome_ChildThread] WARNING: pipe error (3): Connection reset by peer: file /build/firefox-CQifnS/firefox-59.0.1+build1/ipc/chromium/src/chrome/common/ipc_channel_posix.cc, line 353
1521707861439	geckodriver	INFO	geckodriver 0.19.1
1521707861444	geckodriver	INFO	Listening on 127.0.0.1:55673
1521707862557	mozrunner::runner	INFO	Running command: "/usr/bin/firefox" "-marionette" "-profile" "/tmp/rust_mozprofile.BvavX2reEB6w"
1521707863218	Marionette	INFO	Enabled via --marionette
1521707865368	Marionette	INFO	Listening on port 44887
1521707865474	Marionette	WARN	TLS certificate errors will be ignored for this session
[Child 10359, Chrome_ChildThread] WARNING: pipe error (21): Connection reset by peer: file /build/firefox-CQifnS/firefox-59.0.1+build1/ipc/chromium/src/chrome/common/ipc_channel_posix.cc, line 353
[Child 10359, Chrome_ChildThread] WARNING: pipe error (3): Connection reset by peer: file /build/firefox-CQifnS/firefox-59.0.1+build1/ipc/chromium/src/chrome/common/ipc_channel_posix.cc, line 353
1521708939800	geckodriver	INFO	geckodriver 0.19.1
1521708939804	geckodriver	INFO	Listening on 127.0.0.1:53383
1521708940937	mozrunner::runner	INFO	Running command: "/usr/bin/firefox" "-marionette" "-profile" "/tmp/rust_mozprofile.lFpbeF39FcOM"
1521708941618	Marionette	INFO	Enabled via --marionette
1521708943718	Marionette	INFO	Listening on port 40467
1521708943756	Marionette	WARN	TLS certificate errors will be ignored for this session
[Child 11022, Chrome_ChildThread] WARNING: pipe error (35): Connection reset by peer: file /build/firefox-CQifnS/firefox-59.0.1+build1/ipc/chromium/src/chrome/common/ipc_channel_posix.cc, line 353
[Child 11022, Chrome_ChildThread] WARNING: pipe error (23): Connection reset by peer: file /build/firefox-CQifnS/firefox-59.0.1+build1/ipc/chromium/src/chrome/common/ipc_channel_posix.cc, line 353
[Child 11022, Chrome_ChildThread] WARNING: pipe error (3): Connection reset by peer: file /build/firefox-CQifnS/firefox-59.0.1+build1/ipc/chromium/src/chrome/common/ipc_channel_posix.cc, line 353
1521709922383	geckodriver	INFO	geckodriver 0.19.1
1521709922386	geckodriver	INFO	Listening on 127.0.0.1:57955
1521709923519	mozrunner::runner	INFO	Running command: "/usr/bin/firefox" "-marionette" "-profile" "/tmp/rust_mozprofile.70s3v1lQYAI3"
1521709924312	Marionette	INFO	Enabled via --marionette
1521709926358	Marionette	INFO	Listening on port 35871
1521709926428	Marionette	WARN	TLS certificate errors will be ignored for this session
[Child 11408, Chrome_ChildThread] WARNING: pipe error (19): Connection reset by peer: file /build/firefox-CQifnS/firefox-59.0.1+build1/ipc/chromium/src/chrome/common/ipc_channel_posix.cc, line 353
[Child 11408, Chrome_ChildThread] WARNING: pipe error (35): Connection reset by peer: file /build/firefox-CQifnS/firefox-59.0.1+build1/ipc/chromium/src/chrome/common/ipc_channel_posix.cc, line 353
[Child 11408, Chrome_ChildThread] WARNING: pipe error (3): Connection reset by peer: file /build/firefox-CQifnS/firefox-59.0.1+build1/ipc/chromium/src/chrome/common/ipc_channel_posix.cc, line 353
1521709962673	geckodriver	INFO	geckodriver 0.19.1
1521709962676	geckodriver	INFO	Listening on 127.0.0.1:38627
1521709963813	mozrunner::runner	INFO	Running command: "/usr/bin/firefox" "-marionette" "-profile" "/tmp/rust_mozprofile.MHNpdwNU0hxW"
1521709964520	Marionette	INFO	Enabled via --marionette
1521709966610	Marionette	INFO	Listening on port 34959
1521709966632	Marionette	WARN	TLS certificate errors will be ignored for this session
[Child 11593, Chrome_ChildThread] WARNING: pipe error (21): Connection reset by peer: file /build/firefox-CQifnS/firefox-59.0.1+build1/ipc/chromium/src/chrome/common/ipc_channel_posix.cc, line 353
[Child 11593, Chrome_ChildThread] WARNING: pipe error (3): Connection reset by peer: file /build/firefox-CQifnS/firefox-59.0.1+build1/ipc/chromium/src/chrome/common/ipc_channel_posix.cc, line 353
1521710046075	geckodriver	INFO	geckodriver 0.19.1
1521710046080	geckodriver	INFO	Listening on 127.0.0.1:34111
1521710047211	mozrunner::runner	INFO	Running command: "/usr/bin/firefox" "-marionette" "-profile" "/tmp/rust_mozprofile.OZHyIZzcyaGj"
1521710047894	Marionette	INFO	Enabled via --marionette
1521710050106	Marionette	INFO	Listening on port 40737
1521710050122	Marionette	WARN	TLS certificate errors will be ignored for this session
[GFX1-]: Receive IPC close with reason=AbnormalShutdown
[Child 11801, Chrome_ChildThread] WARNING: pipe error (19): Connection reset by peer: file /build/firefox-CQifnS/firefox-59.0.1+build1/ipc/chromium/src/chrome/common/ipc_channel_posix.cc, line 353
[Child 11801, Chrome_ChildThread] WARNING: pipe error (3): Connection reset by peer: file /build/firefox-CQifnS/firefox-59.0.1+build1/ipc/chromium/src/chrome/common/ipc_channel_posix.cc, line 353
1521710096318	geckodriver	INFO	geckodriver 0.19.1
1521710096322	geckodriver	INFO	Listening on 127.0.0.1:54009
1521710097430	mozrunner::runner	INFO	Running command: "/usr/bin/firefox" "-marionette" "-profile" "/tmp/rust_mozprofile.spc5ELX5C9hm"
1521710098106	Marionette	INFO	Enabled via --marionette
1521710100320	Marionette	INFO	Listening on port 42525
1521710100340	Marionette	WARN	TLS certificate errors will be ignored for this session
[Child 12002, Chrome_ChildThread] WARNING: pipe error (35): Connection reset by peer: file /build/firefox-CQifnS/firefox-59.0.1+build1/ipc/chromium/src/chrome/common/ipc_channel_posix.cc, line 353
[Child 12002, Chrome_ChildThread] WARNING: pipe error (19): Connection reset by peer: file /build/firefox-CQifnS/firefox-59.0.1+build1/ipc/chromium/src/chrome/common/ipc_channel_posix.cc, line 353
[Child 12002, Chrome_ChildThread] WARNING: pipe error (3): Connection reset by peer: file /build/firefox-CQifnS/firefox-59.0.1+build1/ipc/chromium/src/chrome/common/ipc_channel_posix.cc, line 353
1521710200419	geckodriver	INFO	geckodriver 0.19.1
1521710200422	geckodriver	INFO	Listening on 127.0.0.1:38105
1521710201547	mozrunner::runner	INFO	Running command: "/usr/bin/firefox" "-marionette" "-profile" "/tmp/rust_mozprofile.w8PTB0YNFoNw"
1521710202278	Marionette	INFO	Enabled via --marionette
1521710204430	Marionette	INFO	Listening on port 44913
1521710204470	Marionette	WARN	TLS certificate errors will be ignored for this session
[Child 12262, Chrome_ChildThread] WARNING: pipe error (19): Connection reset by peer: file /build/firefox-CQifnS/firefox-59.0.1+build1/ipc/chromium/src/chrome/common/ipc_channel_posix.cc, line 353
[Child 12262, Chrome_ChildThread] WARNING: pipe error (3): Connection reset by peer: file /build/firefox-CQifnS/firefox-59.0.1+build1/ipc/chromium/src/chrome/common/ipc_channel_posix.cc, line 353
1521710335424	geckodriver	INFO	geckodriver 0.19.1
1521710335427	geckodriver	INFO	Listening on 127.0.0.1:43921
1521710336570	mozrunner::runner	INFO	Running command: "/usr/bin/firefox" "-marionette" "-profile" "/tmp/rust_mozprofile.NqrK7AHbC27b"
1521710337282	Marionette	INFO	Enabled via --marionette
1521710339636	Marionette	INFO	Listening on port 46345
1521710339686	Marionette	WARN	TLS certificate errors will be ignored for this session
[Child 12469, Chrome_ChildThread] WARNING: pipe error (19): Connection reset by peer: file /build/firefox-CQifnS/firefox-59.0.1+build1/ipc/chromium/src/chrome/common/ipc_channel_posix.cc, line 353
[Child 12469, Chrome_ChildThread] WARNING: pipe error (3): Connection reset by peer: file /build/firefox-CQifnS/firefox-59.0.1+build1/ipc/chromium/src/chrome/common/ipc_channel_posix.cc, line 353
1521710470066	geckodriver	INFO	geckodriver 0.19.1
1521710470070	geckodriver	INFO	Listening on 127.0.0.1:54709
1521710471213	mozrunner::runner	INFO	Running command: "/usr/bin/firefox" "-marionette" "-profile" "/tmp/rust_mozprofile.rVQXG0cgyvbO"
1521710471938	Marionette	INFO	Enabled via --marionette
1521710474090	Marionette	INFO	Listening on port 36655
1521710474140	Marionette	WARN	TLS certificate errors will be ignored for this session
[Child 12677, Chrome_ChildThread] WARNING: pipe error (19): Connection reset by peer: file /build/firefox-CQifnS/firefox-59.0.1+build1/ipc/chromium/src/chrome/common/ipc_channel_posix.cc, line 353
[Child 12677, Chrome_ChildThread] WARNING: pipe error (3): Connection reset by peer: file /build/firefox-CQifnS/firefox-59.0.1+build1/ipc/chromium/src/chrome/common/ipc_channel_posix.cc, line 353
1521713032108	geckodriver	INFO	geckodriver 0.19.1
1521713032111	geckodriver	INFO	Listening on 127.0.0.1:59351
1521713033238	mozrunner::runner	INFO	Running command: "/usr/bin/firefox" "-marionette" "-profile" "/tmp/rust_mozprofile.7yQB9yuvrfd6"
1521713033902	Marionette	INFO	Enabled via --marionette
1521713035998	Marionette	INFO	Listening on port 45823
1521713036052	Marionette	WARN	TLS certificate errors will be ignored for this session
[GFX1-]: Receive IPC close with reason=AbnormalShutdown
[Child 13634, Chrome_ChildThread] WARNING: pipe error (23): Connection reset by peer: file /build/firefox-CQifnS/firefox-59.0.1+build1/ipc/chromium/src/chrome/common/ipc_channel_posix.cc, line 353
[Child 13634, Chrome_ChildThread] WARNING: pipe error (3): Connection reset by peer: file /build/firefox-CQifnS/firefox-59.0.1+build1/ipc/chromium/src/chrome/common/ipc_channel_posix.cc, line 353
1521715181984	geckodriver	INFO	geckodriver 0.19.1
1521715181987	geckodriver	INFO	Listening on 127.0.0.1:46797
1521715183116	mozrunner::runner	INFO	Running command: "/usr/bin/firefox" "-marionette" "-profile" "/tmp/rust_mozprofile.I2hMVpyEBiZX"
1521715183742	Marionette	INFO	Enabled via --marionette
1521715185804	Marionette	INFO	Listening on port 33201
1521715185828	Marionette	WARN	TLS certificate errors will be ignored for this session
1521720700516	geckodriver	INFO	geckodriver 0.19.1
1521720700520	geckodriver	INFO	Listening on 127.0.0.1:53523
1521720701662	mozrunner::runner	INFO	Running command: "/usr/bin/firefox" "-marionette" "-profile" "/tmp/rust_mozprofile.ZfWHQI3vttTD"
1521720702376	Marionette	INFO	Enabled via --marionette
1521720704746	Marionette	INFO	Listening on port 45533
1521720704782	Marionette	WARN	TLS certificate errors will be ignored for this session
1521720720885	geckodriver	INFO	geckodriver 0.19.1
1521720720888	geckodriver	INFO	Listening on 127.0.0.1:50171
1521720722032	mozrunner::runner	INFO	Running command: "/usr/bin/firefox" "-marionette" "-profile" "/tmp/rust_mozprofile.yYTvntadajLN"
1521720722726	Marionette	INFO	Enabled via --marionette
1521720724856	Marionette	INFO	Listening on port 32923
1521720724944	Marionette	WARN	TLS certificate errors will be ignored for this session
1521720890623	geckodriver	INFO	geckodriver 0.19.1
1521720890626	geckodriver	INFO	Listening on 127.0.0.1:42703
1521720891778	mozrunner::runner	INFO	Running command: "/usr/bin/firefox" "-marionette" "-profile" "/tmp/rust_mozprofile.OiQeWjEuNE3d"
1521720892498	Marionette	INFO	Enabled via --marionette
1521720894894	Marionette	INFO	Listening on port 35123
1521720895020	Marionette	WARN	TLS certificate errors will be ignored for this session
[Child 16483, Chrome_ChildThread] WARNING: pipe error (19): Connection reset by peer: file /build/firefox-CQifnS/firefox-59.0.1+build1/ipc/chromium/src/chrome/common/ipc_channel_posix.cc, line 353
[GFX1-]: Receive IPC close with reason=AbnormalShutdown
[Child 16483, Chrome_ChildThread] WARNING: pipe error (35): Connection reset by peer: file /build/firefox-CQifnS/firefox-59.0.1+build1/ipc/chromium/src/chrome/common/ipc_channel_posix.cc, line 353
[Child 16483, Chrome_ChildThread] WARNING: pipe error (3): Connection reset by peer: file /build/firefox-CQifnS/firefox-59.0.1+build1/ipc/chromium/src/chrome/common/ipc_channel_posix.cc, line 353
1521720982555	geckodriver	INFO	geckodriver 0.19.1
1521720982560	geckodriver	INFO	Listening on 127.0.0.1:58051
1521720983716	mozrunner::runner	INFO	Running command: "/usr/bin/firefox" "-marionette" "-profile" "/tmp/rust_mozprofile.q85S7zQ6NOjn"
1521720984420	Marionette	INFO	Enabled via --marionette
1521720986586	Marionette	INFO	Listening on port 35463
1521720986636	Marionette	WARN	TLS certificate errors will be ignored for this session
[Child 16670, Chrome_ChildThread] WARNING: pipe error (23): Connection reset by peer: file /build/firefox-CQifnS/firefox-59.0.1+build1/ipc/chromium/src/chrome/common/ipc_channel_posix.cc, line 353
[Child 16670, Chrome_ChildThread] WARNING: pipe error (35): Connection reset by peer: file /build/firefox-CQifnS/firefox-59.0.1+build1/ipc/chromium/src/chrome/common/ipc_channel_posix.cc, line 353
[Child 16670, Chrome_ChildThread] WARNING: pipe error (3): Connection reset by peer: file /build/firefox-CQifnS/firefox-59.0.1+build1/ipc/chromium/src/chrome/common/ipc_channel_posix.cc, line 353
1521725392912	geckodriver	INFO	geckodriver 0.19.1
1521725392917	geckodriver	INFO	Listening on 127.0.0.1:37013
1521725394056	mozrunner::runner	INFO	Running command: "/usr/bin/firefox" "-marionette" "-profile" "/tmp/rust_mozprofile.vi4D55HpdCEY"
1521725394758	Marionette	INFO	Enabled via --marionette
1521725396844	Marionette	INFO	Listening on port 46305
1521725396870	Marionette	WARN	TLS certificate errors will be ignored for this session
[Child 22497, Chrome_ChildThread] WARNING: pipe error (35): Connection reset by peer: file /build/firefox-CQifnS/firefox-59.0.1+build1/ipc/chromium/src/chrome/common/ipc_channel_posix.cc, line 353
[Child 22497, Chrome_ChildThread] WARNING: pipe error (19): Connection reset by peer: file /build/firefox-CQifnS/firefox-59.0.1+build1/ipc/chromium/src/chrome/common/ipc_channel_posix.cc, line 353
[Child 22497, Chrome_ChildThread] WARNING: pipe error (3): Connection reset by peer: file /build/firefox-CQifnS/firefox-59.0.1+build1/ipc/chromium/src/chrome/common/ipc_channel_posix.cc, line 353
1521725819275	geckodriver	INFO	geckodriver 0.19.1
1521725819279	geckodriver	INFO	Listening on 127.0.0.1:35205
1521725820419	mozrunner::runner	INFO	Running command: "/usr/bin/firefox" "-marionette" "-profile" "/tmp/rust_mozprofile.zlRYy3ydkmG5"
1521725821174	Marionette	INFO	Enabled via --marionette
1521725823446	Marionette	INFO	Listening on port 43297
1521725823532	Marionette	WARN	TLS certificate errors will be ignored for this session
*** UTM:SVC TimerManager:registerTimer called after profile-before-change notification. Ignoring timer registration for id: telemetry_modules_ping
1521725927886	geckodriver	INFO	geckodriver 0.19.1
1521725927891	geckodriver	INFO	Listening on 127.0.0.1:56685
1521725929026	mozrunner::runner	INFO	Running command: "/usr/bin/firefox" "-marionette" "-profile" "/tmp/rust_mozprofile.LcweX9julhGg"
1521725929762	Marionette	INFO	Enabled via --marionette
1521725931914	Marionette	INFO	Listening on port 42357
1521725931942	Marionette	WARN	TLS certificate errors will be ignored for this session
1521726094434	geckodriver	INFO	geckodriver 0.19.1
1521726094437	geckodriver	INFO	Listening on 127.0.0.1:33439
1521726095546	mozrunner::runner	INFO	Running command: "/usr/bin/firefox" "-marionette" "-profile" "/tmp/rust_mozprofile.PVGDoxuLMocn"
1521726096220	Marionette	INFO	Enabled via --marionette
1521726098270	Marionette	INFO	Listening on port 39473
1521726098358	Marionette	WARN	TLS certificate errors will be ignored for this session
1521726123480	geckodriver	INFO	geckodriver 0.19.1
1521726123485	geckodriver	INFO	Listening on 127.0.0.1:60627
1521726124597	mozrunner::runner	INFO	Running command: "/usr/bin/firefox" "-marionette" "-profile" "/tmp/rust_mozprofile.1ztLZxXTBp61"
1521726125248	Marionette	INFO	Enabled via --marionette
1521726127498	Marionette	INFO	Listening on port 44671
1521726127520	Marionette	WARN	TLS certificate errors will be ignored for this session
1521779363780	geckodriver	INFO	geckodriver 0.19.1
1521779363814	geckodriver	INFO	Listening on 127.0.0.1:43915
1521779365003	mozrunner::runner	INFO	Running command: "/usr/bin/firefox" "-marionette" "-profile" "/tmp/rust_mozprofile.xCyLuKMYcMAS"
1521779366064	Marionette	INFO	Enabled via --marionette
1521779368810	Marionette	INFO	Listening on port 33475
1521779368824	Marionette	WARN	TLS certificate errors will be ignored for this session
*** UTM:SVC TimerManager:registerTimer called after profile-before-change notification. Ignoring timer registration for id: telemetry_modules_ping
1521779399204	geckodriver	INFO	geckodriver 0.19.1
1521779399208	geckodriver	INFO	Listening on 127.0.0.1:35829
1521779400354	mozrunner::runner	INFO	Running command: "/usr/bin/firefox" "-marionette" "-profile" "/tmp/rust_mozprofile.3XaL5R5dRqRn"
1521779400998	Marionette	INFO	Enabled via --marionette
1521779403114	Marionette	INFO	Listening on port 33535
1521779403164	Marionette	WARN	TLS certificate errors will be ignored for this session
1521779511304	geckodriver	INFO	geckodriver 0.19.1
1521779511308	geckodriver	INFO	Listening on 127.0.0.1:49391
1521779512439	mozrunner::runner	INFO	Running command: "/usr/bin/firefox" "-marionette" "-profile" "/tmp/rust_mozprofile.0ZG3AActgvq9"
1521779513116	Marionette	INFO	Enabled via --marionette
1521779515212	Marionette	INFO	Listening on port 44433
1521779515250	Marionette	WARN	TLS certificate errors will be ignored for this session
1521780134962	geckodriver	INFO	geckodriver 0.19.1
1521780134967	geckodriver	INFO	Listening on 127.0.0.1:51423
1521780136099	mozrunner::runner	INFO	Running command: "/usr/bin/firefox" "-marionette" "-profile" "/tmp/rust_mozprofile.z4RnGWK68lUF"
1521780136772	Marionette	INFO	Enabled via --marionette
1521780138944	Marionette	INFO	Listening on port 35809
1521780139020	Marionette	WARN	TLS certificate errors will be ignored for this session
1521780255971	geckodriver	INFO	geckodriver 0.19.1
1521780255975	geckodriver	INFO	Listening on 127.0.0.1:54477
1521780257109	mozrunner::runner	INFO	Running command: "/usr/bin/firefox" "-marionette" "-profile" "/tmp/rust_mozprofile.JXHYfoXwj82o"
1521780257830	Marionette	INFO	Enabled via --marionette
1521780259986	Marionette	INFO	Listening on port 46073
1521780260018	Marionette	WARN	TLS certificate errors will be ignored for this session
1521780453141	geckodriver	INFO	geckodriver 0.19.1
1521780453144	geckodriver	INFO	Listening on 127.0.0.1:49657
1521780454270	mozrunner::runner	INFO	Running command: "/usr/bin/firefox" "-marionette" "-profile" "/tmp/rust_mozprofile.X8ArI4IzBrtM"
1521780455016	Marionette	INFO	Enabled via --marionette
1521780457232	Marionette	INFO	Listening on port 45875
1521780457284	Marionette	WARN	TLS certificate errors will be ignored for this session
1521780667829	geckodriver	INFO	geckodriver 0.19.1
1521780667834	geckodriver	INFO	Listening on 127.0.0.1:51833
1521780668977	mozrunner::runner	INFO	Running command: "/usr/bin/firefox" "-marionette" "-profile" "/tmp/rust_mozprofile.MuFncLkrV4zH"
1521780669658	Marionette	INFO	Enabled via --marionette
1521780672110	Marionette	INFO	Listening on port 40125
1521780672188	Marionette	WARN	TLS certificate errors will be ignored for this session
1521780969685	geckodriver	INFO	geckodriver 0.19.1
1521780969689	geckodriver	INFO	Listening on 127.0.0.1:40157
1521780970824	mozrunner::runner	INFO	Running command: "/usr/bin/firefox" "-marionette" "-profile" "/tmp/rust_mozprofile.ioUgR9mGT70y"
1521780971486	Marionette	INFO	Enabled via --marionette
1521780973618	Marionette	INFO	Listening on port 38735
1521780973658	Marionette	WARN	TLS certificate errors will be ignored for this session
1521782940690	geckodriver	INFO	geckodriver 0.19.1
1521782940694	geckodriver	INFO	Listening on 127.0.0.1:52845
1521782941832	mozrunner::runner	INFO	Running command: "/usr/bin/firefox" "-marionette" "-profile" "/tmp/rust_mozprofile.cSEvFtqXu7ie"
1521782942504	Marionette	INFO	Enabled via --marionette
1521782944680	Marionette	INFO	Listening on port 44677
1521782944742	Marionette	WARN	TLS certificate errors will be ignored for this session
1521783015890	geckodriver	INFO	geckodriver 0.19.1
1521783015894	geckodriver	INFO	Listening on 127.0.0.1:57423
1521783017024	mozrunner::runner	INFO	Running command: "/usr/bin/firefox" "-marionette" "-profile" "/tmp/rust_mozprofile.mAQjWYaFSUb0"
1521783017690	Marionette	INFO	Enabled via --marionette
1521783019836	Marionette	INFO	Listening on port 33663
1521783019944	Marionette	WARN	TLS certificate errors will be ignored for this session
1521783043671	geckodriver	INFO	geckodriver 0.19.1
1521783043676	geckodriver	INFO	Listening on 127.0.0.1:60041
1521783044820	mozrunner::runner	INFO	Running command: "/usr/bin/firefox" "-marionette" "-profile" "/tmp/rust_mozprofile.S4t2WRx8DRvV"
1521783045518	Marionette	INFO	Enabled via --marionette
1521783047598	Marionette	INFO	Listening on port 33911
1521783047640	Marionette	WARN	TLS certificate errors will be ignored for this session
1521783242726	geckodriver	INFO	geckodriver 0.19.1
1521783242730	geckodriver	INFO	Listening on 127.0.0.1:51319
1521783243858	mozrunner::runner	INFO	Running command: "/usr/bin/firefox" "-marionette" "-profile" "/tmp/rust_mozprofile.gLgbrsv1nHAi"
1521783244586	Marionette	INFO	Enabled via --marionette
1521783246656	Marionette	INFO	Listening on port 35805
1521783246676	Marionette	WARN	TLS certificate errors will be ignored for this session
1521783303703	geckodriver	INFO	geckodriver 0.19.1
1521783303706	geckodriver	INFO	Listening on 127.0.0.1:35817
1521783304838	mozrunner::runner	INFO	Running command: "/usr/bin/firefox" "-marionette" "-profile" "/tmp/rust_mozprofile.ic4GhSMDn821"
1521783305510	Marionette	INFO	Enabled via --marionette
1521783307720	Marionette	INFO	Listening on port 40563
1521783307750	Marionette	WARN	TLS certificate errors will be ignored for this session
1521783362581	geckodriver	INFO	geckodriver 0.19.1
1521783362585	geckodriver	INFO	Listening on 127.0.0.1:56731
1521783363730	mozrunner::runner	INFO	Running command: "/usr/bin/firefox" "-marionette" "-profile" "/tmp/rust_mozprofile.GbJ1CIcTnyee"
1521783364448	Marionette	INFO	Enabled via --marionette
1521783367150	Marionette	INFO	Listening on port 42881
1521783367244	Marionette	WARN	TLS certificate errors will be ignored for this session
1521783389323	geckodriver	INFO	geckodriver 0.19.1
1521783389327	geckodriver	INFO	Listening on 127.0.0.1:49671
1521783390468	mozrunner::runner	INFO	Running command: "/usr/bin/firefox" "-marionette" "-profile" "/tmp/rust_mozprofile.kdSQEMjdWvp6"
1521783391242	Marionette	INFO	Enabled via --marionette
1521783393520	Marionette	INFO	Listening on port 32851
1521783393584	Marionette	WARN	TLS certificate errors will be ignored for this session
1521783444255	geckodriver	INFO	geckodriver 0.19.1
1521783444259	geckodriver	INFO	Listening on 127.0.0.1:39793
1521783445403	mozrunner::runner	INFO	Running command: "/usr/bin/firefox" "-marionette" "-profile" "/tmp/rust_mozprofile.E7l9BhEKx7lW"
1521783446128	Marionette	INFO	Enabled via --marionette
1521783448322	Marionette	INFO	Listening on port 36975
1521783448424	Marionette	WARN	TLS certificate errors will be ignored for this session
1521783514339	geckodriver	INFO	geckodriver 0.19.1
1521783514344	geckodriver	INFO	Listening on 127.0.0.1:33337
1521783515488	mozrunner::runner	INFO	Running command: "/usr/bin/firefox" "-marionette" "-profile" "/tmp/rust_mozprofile.z9HiO2bhTVf3"
1521783516156	Marionette	INFO	Enabled via --marionette
1521783518374	Marionette	INFO	Listening on port 45841
1521783518414	Marionette	WARN	TLS certificate errors will be ignored for this session
1521783683805	geckodriver	INFO	geckodriver 0.19.1
1521783683809	geckodriver	INFO	Listening on 127.0.0.1:50433
1521783684943	mozrunner::runner	INFO	Running command: "/usr/bin/firefox" "-marionette" "-profile" "/tmp/rust_mozprofile.xu5MLr4NLHMo"
1521783685628	Marionette	INFO	Enabled via --marionette
1521783687874	Marionette	INFO	Listening on port 38511
1521783687952	Marionette	WARN	TLS certificate errors will be ignored for this session
1521783731322	geckodriver	INFO	geckodriver 0.19.1
1521783731326	geckodriver	INFO	Listening on 127.0.0.1:51759
1521783732469	mozrunner::runner	INFO	Running command: "/usr/bin/firefox" "-marionette" "-profile" "/tmp/rust_mozprofile.4eB0Vk2oi6W7"
1521783733158	Marionette	INFO	Enabled via --marionette
1521783735370	Marionette	INFO	Listening on port 39391
1521783735404	Marionette	WARN	TLS certificate errors will be ignored for this session
1521783790684	geckodriver	INFO	geckodriver 0.19.1
1521783790687	geckodriver	INFO	Listening on 127.0.0.1:56763
1521783791804	mozrunner::runner	INFO	Running command: "/usr/bin/firefox" "-marionette" "-profile" "/tmp/rust_mozprofile.10kajUfrW3Hk"
1521783792462	Marionette	INFO	Enabled via --marionette
1521783794688	Marionette	INFO	Listening on port 43979
1521783794716	Marionette	WARN	TLS certificate errors will be ignored for this session
1521783951845	geckodriver	INFO	geckodriver 0.19.1
1521783951849	geckodriver	INFO	Listening on 127.0.0.1:57291
1521783952978	mozrunner::runner	INFO	Running command: "/usr/bin/firefox" "-marionette" "-profile" "/tmp/rust_mozprofile.uO7C2sLZDGYg"
1521783954012	Marionette	INFO	Enabled via --marionette
1521783956176	Marionette	INFO	Listening on port 38465
1521783956194	Marionette	WARN	TLS certificate errors will be ignored for this session
1521784013917	geckodriver	INFO	geckodriver 0.19.1
1521784013922	geckodriver	INFO	Listening on 127.0.0.1:42511
1521784015071	mozrunner::runner	INFO	Running command: "/usr/bin/firefox" "-marionette" "-profile" "/tmp/rust_mozprofile.ozKyREjPsDHF"
1521784015822	Marionette	INFO	Enabled via --marionette
1521784018076	Marionette	INFO	Listening on port 41515
1521784018082	Marionette	WARN	TLS certificate errors will be ignored for this session
1521784740809	geckodriver	INFO	geckodriver 0.19.1
1521784740813	geckodriver	INFO	Listening on 127.0.0.1:57727
1521784741961	mozrunner::runner	INFO	Running command: "/usr/bin/firefox" "-marionette" "-profile" "/tmp/rust_mozprofile.E6jDmUV3jyIR"
1521784742660	Marionette	INFO	Enabled via --marionette
1521784744774	Marionette	INFO	Listening on port 40415
1521784744888	Marionette	WARN	TLS certificate errors will be ignored for this session
1521784847443	geckodriver	INFO	geckodriver 0.19.1
1521784847447	geckodriver	INFO	Listening on 127.0.0.1:42537
1521784848598	mozrunner::runner	INFO	Running command: "/usr/bin/firefox" "-marionette" "-profile" "/tmp/rust_mozprofile.g5NcVXEehPXj"
1521784849344	Marionette	INFO	Enabled via --marionette
1521784851600	Marionette	INFO	Listening on port 34507
1521784851620	Marionette	WARN	TLS certificate errors will be ignored for this session
1521785098196	geckodriver	INFO	geckodriver 0.19.1
1521785098200	geckodriver	INFO	Listening on 127.0.0.1:36157
1521785099348	mozrunner::runner	INFO	Running command: "/usr/bin/firefox" "-marionette" "-profile" "/tmp/rust_mozprofile.eqF00jOGcLjP"
1521785100084	Marionette	INFO	Enabled via --marionette
1521785102240	Marionette	INFO	Listening on port 45951
1521785102258	Marionette	WARN	TLS certificate errors will be ignored for this session
1521785342174	geckodriver	INFO	geckodriver 0.19.1
1521785342178	geckodriver	INFO	Listening on 127.0.0.1:38607
1521785343317	mozrunner::runner	INFO	Running command: "/usr/bin/firefox" "-marionette" "-profile" "/tmp/rust_mozprofile.avkjPhzmSFVI"
1521785344028	Marionette	INFO	Enabled via --marionette
1521785346296	Marionette	INFO	Listening on port 40155
1521785346336	Marionette	WARN	TLS certificate errors will be ignored for this session
1521786382589	geckodriver	INFO	geckodriver 0.19.1
1521786382593	geckodriver	INFO	Listening on 127.0.0.1:50757
1521786383730	mozrunner::runner	INFO	Running command: "/usr/bin/firefox" "-marionette" "-profile" "/tmp/rust_mozprofile.wXkX91dwEGgT"
1521786384410	Marionette	INFO	Enabled via --marionette
1521786386608	Marionette	INFO	Listening on port 34277
1521786386650	Marionette	WARN	TLS certificate errors will be ignored for this session
1521786554208	geckodriver	INFO	geckodriver 0.19.1
1521786554212	geckodriver	INFO	Listening on 127.0.0.1:59423
1521786555343	mozrunner::runner	INFO	Running command: "/usr/bin/firefox" "-marionette" "-profile" "/tmp/rust_mozprofile.wpqzcMfJjJOS"
1521786556050	Marionette	INFO	Enabled via --marionette
1521786558248	Marionette	INFO	Listening on port 38651
1521786558256	Marionette	WARN	TLS certificate errors will be ignored for this session
[Child 14618, Chrome_ChildThread] WARNING: pipe error (21): Connection reset by peer: file /build/firefox-CQifnS/firefox-59.0.1+build1/ipc/chromium/src/chrome/common/ipc_channel_posix.cc, line 353
[Child 14618, Chrome_ChildThread] WARNING: pipe error (35): Connection reset by peer: file /build/firefox-CQifnS/firefox-59.0.1+build1/ipc/chromium/src/chrome/common/ipc_channel_posix.cc, line 353
[Child 14618, Chrome_ChildThread] WARNING: pipe error (3): Connection reset by peer: file /build/firefox-CQifnS/firefox-59.0.1+build1/ipc/chromium/src/chrome/common/ipc_channel_posix.cc, line 353
1521786623877	geckodriver	INFO	geckodriver 0.19.1
1521786623881	geckodriver	INFO	Listening on 127.0.0.1:46227
1521786625014	mozrunner::runner	INFO	Running command: "/usr/bin/firefox" "-marionette" "-profile" "/tmp/rust_mozprofile.7VYcf291bMwE"
1521786625732	Marionette	INFO	Enabled via --marionette
1521786627806	Marionette	INFO	Listening on port 37787
1521786627828	Marionette	WARN	TLS certificate errors will be ignored for this session
[Child 14834, Chrome_ChildThread] WARNING: pipe error (19): Connection reset by peer: file /build/firefox-CQifnS/firefox-59.0.1+build1/ipc/chromium/src/chrome/common/ipc_channel_posix.cc, line 353
[Child 14834, Chrome_ChildThread] WARNING: pipe error (3): Connection reset by peer: file /build/firefox-CQifnS/firefox-59.0.1+build1/ipc/chromium/src/chrome/common/ipc_channel_posix.cc, line 353
1521786980514	geckodriver	INFO	geckodriver 0.19.1
1521786980518	geckodriver	INFO	Listening on 127.0.0.1:60185
1521786981653	mozrunner::runner	INFO	Running command: "/usr/bin/firefox" "-marionette" "-profile" "/tmp/rust_mozprofile.EnSjNS9iNybb"
1521786982414	Marionette	INFO	Enabled via --marionette
1521786984612	Marionette	INFO	Listening on port 35513
1521786984668	Marionette	WARN	TLS certificate errors will be ignored for this session
